2026-06-22 20:49:59,514 - INFO - Starting ETL Pipeline
2026-06-22 20:50:19,200 - INFO - Starting ETL Pipeline
2026-06-22 20:51:43,345 - INFO - Starting ETL Pipeline
2026-06-22 20:51:43,470 - INFO - package: mysql.connector.plugins
2026-06-22 20:51:43,470 - INFO - plugin_name: caching_sha2_password
2026-06-22 20:51:43,470 - INFO - AUTHENTICATION_PLUGIN_CLASS: MySQLCachingSHA2PasswordAuthPlugin
2026-06-22 20:53:08,824 - INFO - Starting ETL Pipeline
2026-06-22 20:53:08,903 - INFO - package: mysql.connector.plugins
2026-06-22 20:53:08,903 - INFO - plugin_name: caching_sha2_password
2026-06-22 20:53:08,903 - INFO - AUTHENTICATION_PLUGIN_CLASS: MySQLCachingSHA2PasswordAuthPlugin
2026-06-22 21:01:29,722 - INFO - Starting ETL Pipeline
2026-06-22 21:04:09,935 - INFO - Starting ETL Pipeline
2026-06-22 21:05:40,931 - INFO - Starting ETL Pipeline
2026-06-22 21:08:32,541 - INFO - Starting ETL Pipeline
2026-06-22 21:09:01,341 - INFO - Starting ETL Pipeline
2026-06-22 21:09:30,762 - INFO - Starting ETL Pipeline
2026-06-22 21:15:12,358 - INFO - Starting ETL Pipeline
2026-06-22 21:20:46,063 - INFO - Starting ETL Pipeline
2026-06-22 21:22:31,619 - INFO - Starting ETL Pipeline
2026-06-22 21:23:39,240 - INFO - Starting ETL Pipeline
2026-06-22 21:27:25,279 - INFO - Starting ETL Pipeline
2026-06-22 21:43:06,790 - INFO - ETL Pipeline Started
2026-06-22 21:44:16,491 - INFO - ETL Pipeline Started
2026-06-22 21:44:16,501 - INFO - Data Extracted
2026-06-22 21:44:16,508 - INFO - Validation Completed
2026-06-22 21:44:16,516 - INFO - Transformation Completed
2026-06-22 21:44:16,520 - INFO - Data Loaded Successfully
2026-06-22 21:44:16,520 - INFO - ETL Pipeline Finished
2026-06-22 21:54:05,182 - INFO - ETL Pipeline Started
2026-06-22 21:54:05,193 - INFO - Data Extracted
2026-06-22 21:54:05,198 - INFO - Validation Completed
2026-06-22 21:54:05,203 - INFO - Transformation Completed
2026-06-22 21:54:05,311 - INFO - package: mysql.connector.plugins
2026-06-22 21:54:05,311 - INFO - plugin_name: caching_sha2_password
2026-06-22 21:54:05,311 - INFO - AUTHENTICATION_PLUGIN_CLASS: MySQLCachingSHA2PasswordAuthPlugin
2026-06-22 21:54:17,414 - INFO - ETL Pipeline Started
2026-06-22 21:54:17,422 - INFO - Data Extracted
2026-06-22 21:54:17,427 - INFO - Validation Completed
2026-06-22 21:54:17,432 - INFO - Transformation Completed
2026-06-22 21:54:17,513 - INFO - package: mysql.connector.plugins
2026-06-22 21:54:17,513 - INFO - plugin_name: caching_sha2_password
2026-06-22 21:54:17,513 - INFO - AUTHENTICATION_PLUGIN_CLASS: MySQLCachingSHA2PasswordAuthPlugin
2026-06-22 21:54:34,890 - INFO - ETL Pipeline Started
2026-06-22 21:54:34,902 - INFO - Data Extracted
2026-06-22 21:54:34,910 - INFO - Validation Completed
2026-06-22 21:54:34,921 - INFO - Transformation Completed
2026-06-22 21:54:35,011 - INFO - package: mysql.connector.plugins
2026-06-22 21:54:35,011 - INFO - plugin_name: caching_sha2_password
2026-06-22 21:54:35,011 - INFO - AUTHENTICATION_PLUGIN_CLASS: MySQLCachingSHA2PasswordAuthPlugin
2026-06-22 21:54:44,107 - INFO - ETL Pipeline Started
2026-06-22 21:54:44,114 - INFO - Data Extracted
2026-06-22 21:54:44,119 - INFO - Validation Completed
2026-06-22 21:54:44,130 - INFO - Transformation Completed
2026-06-22 21:54:44,228 - INFO - package: mysql.connector.plugins
2026-06-22 21:54:44,229 - INFO - plugin_name: caching_sha2_password
2026-06-22 21:54:44,229 - INFO - AUTHENTICATION_PLUGIN_CLASS: MySQLCachingSHA2PasswordAuthPlugin
2026-06-22 22:18:23,066 - INFO - ETL Pipeline Started
2026-06-22 22:18:23,074 - INFO - Data Extracted Successfully
2026-06-22 22:18:23,078 - INFO - Validation Completed
2026-06-22 22:18:23,084 - INFO - Transformation Completed
2026-06-22 22:18:23,158 - INFO - package: mysql.connector.plugins
2026-06-22 22:18:23,158 - INFO - plugin_name: mysql_native_password
2026-06-22 22:18:23,159 - INFO - AUTHENTICATION_PLUGIN_CLASS: MySQLNativePasswordAuthPlugin
2026-06-22 22:18:23,159 - INFO - package: mysql.connector.plugins
2026-06-22 22:18:23,159 - INFO - plugin_name: mysql_native_password
2026-06-22 22:18:23,160 - INFO - AUTHENTICATION_PLUGIN_CLASS: MySQLNativePasswordAuthPlugin
2026-06-22 22:18:23,176 - INFO - Data Loaded Successfully
2026-06-22 22:18:23,176 - INFO - ETL Pipeline Finished Successfully
2026-06-22 22:18:33,740 - INFO - ETL Pipeline Started
2026-06-22 22:18:33,751 - INFO - Data Extracted Successfully
2026-06-22 22:18:33,756 - INFO - Validation Completed
2026-06-22 22:18:33,765 - INFO - Transformation Completed
2026-06-22 22:18:33,843 - INFO - package: mysql.connector.plugins
2026-06-22 22:18:33,843 - INFO - plugin_name: mysql_native_password
2026-06-22 22:18:33,845 - INFO - AUTHENTICATION_PLUGIN_CLASS: MySQLNativePasswordAuthPlugin
2026-06-22 22:18:33,846 - INFO - package: mysql.connector.plugins
2026-06-22 22:18:33,846 - INFO - plugin_name: mysql_native_password
2026-06-22 22:18:33,846 - INFO - AUTHENTICATION_PLUGIN_CLASS: MySQLNativePasswordAuthPlugin
2026-06-22 22:18:33,854 - INFO - Data Loaded Successfully
2026-06-22 22:18:33,855 - INFO - ETL Pipeline Finished Successfully
2026-06-23 07:59:18,847 - INFO - ETL Pipeline Started
2026-06-23 07:59:18,946 - INFO - Data Extracted Successfully
2026-06-23 07:59:18,978 - INFO - Validation Completed
2026-06-23 07:59:18,991 - INFO - Transformation Completed
2026-06-23 07:59:19,059 - INFO - Data Loaded Successfully
2026-06-23 07:59:19,059 - INFO - ETL Pipeline Finished Successfully
2026-06-23 08:02:34,299 - INFO - ETL Pipeline Started
2026-06-23 08:02:34,305 - INFO - Data Extracted Successfully
2026-06-23 08:02:34,316 - INFO - Validation Completed
2026-06-23 08:02:34,324 - INFO - Transformation Completed
2026-06-23 08:02:34,360 - INFO - Data Loaded Successfully
2026-06-23 08:02:34,360 - INFO - ETL Pipeline Finished Successfully
2026-06-23 08:06:47,933 - INFO - ETL Pipeline Started
2026-06-23 08:06:47,937 - INFO - Data Extracted Successfully
2026-06-23 08:06:47,945 - INFO - Validation Completed
2026-06-23 08:06:47,953 - INFO - Transformation Completed
2026-06-23 08:06:47,983 - INFO - Data Loaded Successfully
2026-06-23 08:06:47,983 - INFO - ETL Pipeline Finished Successfully
